Determining if the pthread_create exist failed with the following output:
Change Dir: /home/nvidia/Ty/TyPEpyt/ros_ws/build/CMakeFiles/CMakeTmp

Run Build Command:"/usr/bin/make" "cmTC_52308/fast"
/usr/bin/make -f CMakeFiles/cmTC_52308.dir/build.make CMakeFiles/cmTC_52308.dir/build
make[1]: Entering directory '/home/nvidia/Ty/TyPEpyt/ros_ws/build/CMakeFiles/CMakeTmp'
Building C object CMakeFiles/cmTC_52308.dir/CheckSymbolExists.c.o
/usr/bin/cc     -o CMakeFiles/cmTC_52308.dir/CheckSymbolExists.c.o   -c /home/nvidia/Ty/TyPEpyt/ros_ws/build/CMakeFiles/CMakeTmp/CheckSymbolExists.c
Linking C executable cmTC_52308
/usr/bin/cmake -E cmake_link_script CMakeFiles/cmTC_52308.dir/link.txt --verbose=1
/usr/bin/cc       CMakeFiles/cmTC_52308.dir/CheckSymbolExists.c.o  -o cmTC_52308 -rdynamic 
CMakeFiles/cmTC_52308.dir/CheckSymbolExists.c.o: In function `main':
CheckSymbolExists.c:(.text+0x14): undefined reference to `pthread_create'
CheckSymbolExists.c:(.text+0x18): undefined reference to `pthread_create'
collect2: error: ld returned 1 exit status
CMakeFiles/cmTC_52308.dir/build.make:97: recipe for target 'cmTC_52308' failed
make[1]: *** [cmTC_52308] Error 1
make[1]: Leaving directory '/home/nvidia/Ty/TyPEpyt/ros_ws/build/CMakeFiles/CMakeTmp'
Makefile:126: recipe for target 'cmTC_52308/fast' failed
make: *** [cmTC_52308/fast] Error 2

File /home/nvidia/Ty/TyPEpyt/ros_ws/build/CMakeFiles/CMakeTmp/CheckSymbolExists.c:
/* */
#include <pthread.h>

int main(int argc, char** argv)
{
  (void)argv;
#ifndef pthread_create
  return ((int*)(&pthread_create))[argc];
#else
  (void)argc;
  return 0;
#endif
}

Determining if the function pthread_create exists in the pthreads failed with the following output:
Change Dir: /home/nvidia/Ty/TyPEpyt/ros_ws/build/CMakeFiles/CMakeTmp

Run Build Command:"/usr/bin/make" "cmTC_4a3fa/fast"
/usr/bin/make -f CMakeFiles/cmTC_4a3fa.dir/build.make CMakeFiles/cmTC_4a3fa.dir/build
make[1]: Entering directory '/home/nvidia/Ty/TyPEpyt/ros_ws/build/CMakeFiles/CMakeTmp'
Building C object CMakeFiles/cmTC_4a3fa.dir/CheckFunctionExists.c.o
/usr/bin/cc    -DCHECK_FUNCTION_EXISTS=pthread_create   -o CMakeFiles/cmTC_4a3fa.dir/CheckFunctionExists.c.o   -c /usr/share/cmake-3.5/Modules/CheckFunctionExists.c
Linking C executable cmTC_4a3fa
/usr/bin/cmake -E cmake_link_script CMakeFiles/cmTC_4a3fa.dir/link.txt --verbose=1
/usr/bin/cc   -DCHECK_FUNCTION_EXISTS=pthread_create    CMakeFiles/cmTC_4a3fa.dir/CheckFunctionExists.c.o  -o cmTC_4a3fa -rdynamic -lpthreads 
/usr/bin/ld: cannot find -lpthreads
collect2: error: ld returned 1 exit status
CMakeFiles/cmTC_4a3fa.dir/build.make:97: recipe for target 'cmTC_4a3fa' failed
make[1]: *** [cmTC_4a3fa] Error 1
make[1]: Leaving directory '/home/nvidia/Ty/TyPEpyt/ros_ws/build/CMakeFiles/CMakeTmp'
Makefile:126: recipe for target 'cmTC_4a3fa/fast' failed
make: *** [cmTC_4a3fa/fast] Error 2


